TN:
SF:/Users/ghamote/Code/kapenam/Melika/source/screens/App/components/AppEntry.js
FN:16,(anonymous_0)
FNF:1
FNH:1
FNDA:1,(anonymous_0)
DA:16,1
DA:17,1
LF:2
LH:2
BRF:0
BRH:0
end_of_record
TN:
SF:/Users/ghamote/Code/kapenam/Melika/source/screens/App/components/Logo.js
FN:7,(anonymous_0)
FNF:1
FNH:1
FNDA:1,(anonymous_0)
DA:7,1
DA:8,1
DA:13,1
LF:3
LH:3
BRF:0
BRH:0
end_of_record
TN:
SF:/Users/ghamote/Code/kapenam/Melika/source/screens/App/components/NotFound.js
FN:4,(anonymous_0)
FNF:1
FNH:1
FNDA:1,(anonymous_0)
DA:4,1
DA:5,1
LF:2
LH:2
BRF:0
BRH:0
end_of_record
TN:
SF:/Users/ghamote/Code/kapenam/Melika/source/screens/App/components/SideMenuBar.js
FN:8,(anonymous_0)
FN:16,(anonymous_1)
FNF:2
FNH:2
FNDA:2,(anonymous_0)
FNDA:14,(anonymous_1)
DA:8,2
DA:9,2
DA:10,2
DA:11,0
DA:15,2
DA:17,14
DA:24,2
DA:25,1
DA:28,1
DA:31,2
DA:36,2
LF:11
LH:10
BRDA:10,0,0,0
BRDA:10,0,1,2
BRDA:24,1,0,1
BRDA:24,1,1,1
BRF:4
BRH:3
end_of_record
TN:
SF:/Users/ghamote/Code/kapenam/Melika/source/screens/App/components/index.js
FNF:0
FNH:0
LF:0
LH:0
BRF:0
BRH:0
end_of_record
TN:
SF:/Users/ghamote/Code/kapenam/Melika/source/screens/App/screens/AppScreen.js
FN:7,(anonymous_0)
FNF:1
FNH:1
FNDA:1,(anonymous_0)
DA:7,1
DA:8,1
LF:2
LH:2
BRF:0
BRH:0
end_of_record
TN:
SF:/Users/ghamote/Code/kapenam/Melika/source/screens/App/screens/Home/index.js
FNF:0
FNH:0
LF:0
LH:0
BRF:0
BRH:0
end_of_record
TN:
SF:/Users/ghamote/Code/kapenam/Melika/source/screens/App/screens/Home/screens/Index.js
FN:3,(anonymous_0)
FNF:1
FNH:0
FNDA:0,(anonymous_0)
DA:3,1
DA:4,0
LF:2
LH:1
BRF:0
BRH:0
end_of_record
TN:
SF:/Users/ghamote/Code/kapenam/Melika/source/screens/App/screens/Jobs/index.js
FNF:0
FNH:0
LF:0
LH:0
BRF:0
BRH:0
end_of_record
TN:
SF:/Users/ghamote/Code/kapenam/Melika/source/screens/App/screens/Jobs/screens/Jobs.js
FN:4,(anonymous_0)
FNF:1
FNH:1
FNDA:1,(anonymous_0)
DA:4,2
DA:5,1
LF:2
LH:2
BRF:0
BRH:0
end_of_record
TN:
SF:/Users/ghamote/Code/kapenam/Melika/source/screens/App/screens/Leads/index.js
FNF:0
FNH:0
LF:0
LH:0
BRF:0
BRH:0
end_of_record
TN:
SF:/Users/ghamote/Code/kapenam/Melika/source/screens/App/screens/Leads/screens/Leads.js
FN:4,(anonymous_0)
FNF:1
FNH:1
FNDA:1,(anonymous_0)
DA:4,2
DA:5,1
LF:2
LH:2
BRF:0
BRH:0
end_of_record
TN:
SF:/Users/ghamote/Code/kapenam/Melika/source/screens/App/screens/LogIn/index.js
FNF:0
FNH:0
LF:0
LH:0
BRF:0
BRH:0
end_of_record
TN:
SF:/Users/ghamote/Code/kapenam/Melika/source/screens/App/screens/LogIn/components/FormErrors.js
FN:4,(anonymous_0)
FN:6,(anonymous_1)
FNF:2
FNH:2
FNDA:1,(anonymous_0)
FNDA:2,(anonymous_1)
DA:5,1
DA:7,2
DA:8,0
DA:14,2
LF:4
LH:3
BRDA:7,0,0,0
BRDA:7,0,1,2
BRF:2
BRH:1
end_of_record
TN:
SF:/Users/ghamote/Code/kapenam/Melika/source/screens/App/screens/LogIn/screens/LogIn.js
FN:16,(anonymous_0)
FN:43,(anonymous_1)
FN:49,(anonymous_2)
FN:53,(anonymous_3)
FN:60,(anonymous_4)
FN:66,(anonymous_5)
FN:71,(anonymous_6)
FN:84,(anonymous_7)
FN:92,(anonymous_8)
FNF:9
FNH:1
FNDA:0,(anonymous_0)
FNDA:0,(anonymous_1)
FNDA:0,(anonymous_2)
FNDA:0,(anonymous_3)
FNDA:0,(anonymous_4)
FNDA:0,(anonymous_5)
FNDA:1,(anonymous_6)
FNDA:0,(anonymous_7)
FNDA:0,(anonymous_8)
DA:17,0
DA:18,0
DA:19,0
DA:21,0
DA:23,0
DA:24,0
DA:25,0
DA:27,0
DA:28,0
DA:29,0
DA:31,0
DA:33,0
DA:44,0
DA:50,0
DA:54,0
DA:55,0
DA:56,0
DA:61,0
DA:67,0
DA:68,0
DA:72,1
DA:84,0
DA:92,0
LF:23
LH:1
BRDA:21,0,0,0
BRDA:21,0,1,0
BRDA:21,0,2,0
BRDA:24,1,0,0
BRDA:24,1,1,0
BRDA:28,2,0,0
BRDA:28,2,1,0
BRDA:45,3,0,0
BRDA:45,3,1,0
BRF:9
BRH:0
end_of_record
TN:
SF:/Users/ghamote/Code/kapenam/Melika/source/screens/App/screens/Materials/index.js
FNF:0
FNH:0
LF:0
LH:0
BRF:0
BRH:0
end_of_record
TN:
SF:/Users/ghamote/Code/kapenam/Melika/source/screens/App/screens/Materials/screens/Materials.js
FN:4,(anonymous_0)
FNF:1
FNH:1
FNDA:1,(anonymous_0)
DA:4,2
DA:5,1
LF:2
LH:2
BRF:0
BRH:0
end_of_record
TN:
SF:/Users/ghamote/Code/kapenam/Melika/source/screens/App/screens/Quotes/index.js
FNF:0
FNH:0
LF:0
LH:0
BRF:0
BRH:0
end_of_record
TN:
SF:/Users/ghamote/Code/kapenam/Melika/source/screens/App/screens/Quotes/screens/Quotes.js
FN:4,(anonymous_0)
FNF:1
FNH:1
FNDA:1,(anonymous_0)
DA:4,2
DA:5,1
LF:2
LH:2
BRF:0
BRH:0
end_of_record
TN:
SF:/Users/ghamote/Code/kapenam/Melika/source/screens/App/screens/UserProfile/index.js
FNF:0
FNH:0
LF:0
LH:0
BRF:0
BRH:0
end_of_record
TN:
SF:/Users/ghamote/Code/kapenam/Melika/source/screens/App/screens/UserProfile/screens/UserProfile.js
FN:4,(anonymous_0)
FNF:1
FNH:1
FNDA:1,(anonymous_0)
DA:4,2
DA:5,1
LF:2
LH:2
BRF:0
BRH:0
end_of_record
TN:
SF:/Users/ghamote/Code/kapenam/Melika/source/screens/App/screens/Vendors/index.js
FNF:0
FNH:0
LF:0
LH:0
BRF:0
BRH:0
end_of_record
TN:
SF:/Users/ghamote/Code/kapenam/Melika/source/screens/App/screens/Vendors/screens/Vendors.js
FN:4,(anonymous_0)
FNF:1
FNH:1
FNDA:1,(anonymous_0)
DA:4,2
DA:5,1
LF:2
LH:2
BRF:0
BRH:0
end_of_record
TN:
SF:/Users/ghamote/Code/kapenam/Melika/source/screens/App/shared/const.js
FNF:0
FNH:0
DA:1,2
LF:1
LH:1
BRF:0
BRH:0
end_of_record
TN:
SF:/Users/ghamote/Code/kapenam/Melika/source/shared/const.js
FNF:0
FNH:0
DA:1,3
DA:2,3
LF:2
LH:2
BRF:0
BRH:0
end_of_record
TN:
SF:/Users/ghamote/Code/kapenam/Melika/source/shared/api/auth.js
FN:4,(anonymous_0)
FN:44,(anonymous_1)
FNF:2
FNH:0
FNDA:0,(anonymous_0)
FNDA:0,(anonymous_1)
DA:4,3
DA:5,0
DA:6,0
DA:24,0
DA:26,0
DA:29,0
DA:30,0
DA:37,0
DA:39,0
DA:40,0
DA:44,3
DA:45,0
DA:46,0
DA:47,0
DA:50,0
DA:57,0
DA:63,0
DA:65,0
DA:66,0
LF:19
LH:2
BRDA:4,0,0,0
BRDA:29,1,0,0
BRDA:29,1,1,0
BRDA:29,2,0,0
BRDA:29,2,1,0
BRDA:46,3,0,0
BRDA:46,3,1,0
BRF:7
BRH:0
end_of_record
TN:
SF:/Users/ghamote/Code/kapenam/Melika/source/shared/utilities/authService.js
FN:6,(anonymous_0)
FN:18,(anonymous_1)
FN:26,(anonymous_2)
FNF:3
FNH:0
FNDA:0,(anonymous_0)
FNDA:0,(anonymous_1)
FNDA:0,(anonymous_2)
DA:6,2
DA:7,0
DA:8,0
DA:10,0
DA:11,0
DA:12,0
DA:14,0
DA:18,2
DA:19,0
DA:20,0
DA:21,0
DA:23,0
DA:26,2
LF:13
LH:3
BRDA:10,0,0,0
BRDA:10,0,1,0
BRDA:10,1,0,0
BRDA:10,1,1,0
BRF:4
BRH:0
end_of_record
TN:
SF:/Users/ghamote/Code/kapenam/Melika/source/shared/utilities/clientStorage.js
FN:15,(anonymous_0)
FN:29,(anonymous_1)
FN:33,(anonymous_2)
FN:39,(anonymous_3)
FNF:4
FNH:4
FNDA:3,(anonymous_0)
FNDA:1,(anonymous_1)
FNDA:3,(anonymous_2)
FNDA:2,(anonymous_3)
DA:4,3
DA:15,3
DA:16,3
DA:20,0
DA:21,0
DA:22,0
DA:26,0
DA:29,3
DA:30,1
DA:33,3
DA:34,3
DA:36,3
DA:39,3
DA:40,2
LF:14
LH:10
BRDA:15,0,0,0
BRDA:16,1,0,3
BRDA:16,1,1,0
BRDA:21,2,0,0
BRDA:21,2,1,0
BRDA:22,3,0,0
BRDA:22,3,1,0
BRDA:29,4,0,1
BRDA:33,5,0,3
BRDA:39,6,0,2
BRF:10
BRH:4
end_of_record
TN:
SF:/Users/ghamote/Code/kapenam/Melika/source/shared/utilities/history.js
FNF:0
FNH:0
LF:0
LH:0
BRF:0
BRH:0
end_of_record
TN:
SF:/Users/ghamote/Code/kapenam/Melika/tests/setup/enzymeAdapter.js
FNF:0
FNH:0
DA:4,10
LF:1
LH:1
BRF:0
BRH:0
end_of_record
TN:
SF:/Users/ghamote/Code/kapenam/Melika/tests/setup/jest.config.js
FNF:0
FNH:0
DA:1,1
LF:1
LH:1
BRF:0
BRH:0
end_of_record
TN:
SF:/Users/ghamote/Code/kapenam/Melika/tests/setup/jsdom.js
FN:8,copyProps
FN:10,(anonymous_1)
FN:11,(anonymous_2)
FN:25,(anonymous_3)
FN:30,(anonymous_4)
FNF:5
FNH:5
FNDA:10,copyProps
FNDA:3250,(anonymous_1)
FNDA:10,(anonymous_2)
FNDA:8,(anonymous_3)
FNDA:80,(anonymous_4)
DA:1,10
DA:2,10
DA:3,10
DA:5,10
DA:6,10
DA:9,10
DA:10,3250
DA:11,10
DA:12,10
DA:15,10
DA:16,10
DA:17,10
DA:21,10
DA:25,10
DA:26,8
DA:27,0
DA:30,8
DA:31,80
LF:18
LH:17
BRDA:26,0,0,0
BRDA:26,0,1,8
BRF:2
BRH:1
end_of_record
